Arguments: 
  /usr/local/bin/node /usr/local/Cellar/yarn/1.17.3/libexec/bin/yarn.js

PATH: 
  /Users/Dean/.rvm/gems/ruby-2.6.1/bin:/Users/Dean/.rvm/gems/ruby-2.6.1@global/bin:/Users/Dean/.rvm/rubies/ruby-2.6.1/bin:/Library/Frameworks/Python.framework/Versions/3.7/bin:/usr/local/bin:/usr/bin:/bin:/usr/sbin:/sbin:/usr/local/share/dotnet:/opt/X11/bin:~/.dotnet/tools:/Library/Frameworks/Mono.framework/Versions/Current/Commands:/usr/local/git/bin:/Users/Dean/.rvm/gems/ruby-2.6.1/bin:/Users/Dean/.rvm/gems/ruby-2.6.1@global/bin:/Users/Dean/.rvm/rubies/ruby-2.6.1/bin:/Library/Frameworks/Python.framework/Versions/3.7/bin:/Users/Dean/.rvm/bin:/Users/Dean/.rvm/bin

Yarn version: 
  1.17.3

Node version: 
  10.16.0

Platform: 
  darwin x64

Trace: 
  Error: EACCES: permission denied, mkdir '/Users/Dean/Flatiron School/FinalProject/YOVRSPACE/frontend/node_modules/abbrev'

npm manifest: 
  {
    "name": "HeadspaceVRApp",
    "description": "Headspace VR App",
    "private": false,
    "author": "Constantine Chutis",
    "homepage": "http://www.constantinechutis.com",
    "version": "1.0.0",
    "repository": "https://github.com/cchutis/Headspace-VR-App-Frontend",
    "scripts": {
      "start": "brunch watch --server",
      "build": "brunch build --production",
      "deploy": "ghpages -d public"
    },
    "dependencies": {
      "aframe": "^0.7.1",
      "aframe-animation-component": "^3.2.5",
      "aframe-bmfont-text-component": "^0.1.4",
      "aframe-event-set-component": "^3.0.3",
      "aframe-extras": "^6.0.0",
      "aframe-gui": "^0.3.6",
      "aframe-particle-system-component": "^1.0.10",
      "aframe-react": "^4.4.0",
      "aframe-video-controls": "^0.3.0",
      "preact": "^8.5.1",
      "preact-context": "^1.1.3",
      "preact-redux": "^2.1.0",
      "react": "^16.9.0",
      "react-dom": "^16.9.0",
      "react-redux": "^7.1.0",
      "redux": "^4.0.4"
    },
    "devDependencies": {
      "auto-reload-brunch": "^2",
      "babel-brunch": "~6.0",
      "babel-plugin-transform-react-jsx": "^6.24.1",
      "babel-preset-latest": "^6",
      "brunch": "^2",
      "clean-css-brunch": "^2",
      "ghpages": "0.0.3",
      "uglify-js-brunch": "^2"
    }
  }

yarn manifest: 
  No manifest

Lockfile: 
  No lockfile
